<?xml version="1.0" encoding="UTF-8"?>
<!-- Generated by org.testng.reporters.JUnitXMLReporter -->
<testsuite ignored="1" hostname="LAPTOP-LIPV6VKP" failures="1" tests="1" name="GeneralTest" time="8.298" errors="0" timestamp="2024-01-31T15:41:23 IST">
  <testcase classname="com.Test.LoginTest" name="bookmodule" time="8.278">
    <failure type="java.lang.NullPointerException" message="Cannot invoke &amp;quot;org.openqa.selenium.WebElement.click()&amp;quot; because &amp;quot;this.book1Tocart&amp;quot; is null">
      <![CDATA[java.lang.NullPointerException: Cannot invoke "org.openqa.selenium.WebElement.click()" because "this.book1Tocart" is null
at com.POM.BookPage.clickAddToCart(BookPage.java:21)
at com.Test.LoginTest.bookmodule(LoginTest.java:39)
at java.base/java.util.ArrayList.forEach(ArrayList.java:1511)
... Removed 27 stack frames]]>
    </failure>
  </testcase> <!-- bookmodule -->
  <testcase classname="com.Test.LoginTest" name="verifylogin" time="0.0">
    <ignored/>
  </testcase> <!-- verifylogin -->
</testsuite> <!-- GeneralTest -->
