<?xml version="1.0" encoding="UTF-8"?>
<!-- Generated by org.testng.reporters.JUnitXMLReporter -->
<testsuite ignored="2" hostname="LAPTOP-LIPV6VKP" failures="0" tests="1" name="SmokeTest" time="13.668" errors="0" timestamp="2024-02-03T17:10:04 IST">
  <testcase classname="com.Test.LoginTest" name="verifylogin" time="13.609"/>
  <testcase classname="com.Test.LoginTest" name="bookmodule" time="0.0">
    <ignored/>
  </testcase> <!-- bookmodule -->
  <testcase classname="com.Test.LoginTest" name="desktopmodule" time="0.0">
    <ignored/>
  </testcase> <!-- desktopmodule -->
</testsuite> <!-- SmokeTest -->
