<?xml version="1.0" encoding="UTF-8"?>
<!-- Generated by org.testng.reporters.JUnitXMLReporter -->
<testsuite ignored="0" hostname="LAPTOP-LIPV6VKP" failures="1" tests="2" name="Test" time="26.253" errors="0" timestamp="2024-01-31T14:52:42 IST">
  <testcase classname="com.Test.LoginTest" name="bookmodule" time="19.336">
    <failure type="java.lang.NullPointerException" message="Cannot invoke &amp;quot;org.openqa.selenium.WebElement.click()&amp;quot; because &amp;quot;this.book1Tocart&amp;quot; is null">
      <![CDATA[java.lang.NullPointerException: Cannot invoke "org.openqa.selenium.WebElement.click()" because "this.book1Tocart" is null
at com.POM.BookPage.clickAddToCart(BookPage.java:21)
at com.Test.LoginTest.bookmodule(LoginTest.java:35)
at java.base/java.util.ArrayList.forEach(ArrayList.java:1511)
... Removed 27 stack frames]]>
    </failure>
  </testcase> <!-- bookmodule -->
  <testcase classname="com.Test.LoginTest" name="verifylogin" time="6.83"/>
</testsuite> <!-- Test -->
