<?xml version="1.0" encoding="UTF-8"?>
<testng-results ignored="3" total="6" passed="3" failed="0" skipped="0">
  <reporter-output>
  </reporter-output>
  <suite started-at="2024-02-03T17:09:50 IST" name="Suite" finished-at="2024-02-03T17:10:37 IST" duration-ms="46556">
    <groups>
      <group name="smoke">
        <method signature="LoginTest.verifylogin(java.lang.String,java.lang.String)[pri:1, instance:com.Test.LoginTest@72f926e6]" name="verifylogin" class="com.Test.LoginTest"/>
      </group> <!-- smoke -->
      <group name="ComputerModule">
        <method signature="LoginTest.desktopmodule(java.lang.String,java.lang.String)[pri:3, instance:com.Test.LoginTest@1aa7ecca]" name="desktopmodule" class="com.Test.LoginTest"/>
      </group> <!-- ComputerModule -->
      <group name="BookModule">
        <method signature="LoginTest.bookmodule(java.lang.String,java.lang.String)[pri:2, instance:com.Test.LoginTest@1aa7ecca]" name="bookmodule" class="com.Test.LoginTest"/>
      </group> <!-- BookModule -->
    </groups>
    <test started-at="2024-02-03T17:09:50 IST" name="SmokeTest" finished-at="2024-02-03T17:10:04 IST" duration-ms="13668">
      <class name="com.Test.LoginTest">
        <test-method signature="verifylogin(java.lang.String,java.lang.String)[pri:1, instance:com.Test.LoginTest@72f926e6]" started-at="2024-02-03T17:09:50 IST" name="verifylogin" finished-at="2024-02-03T17:10:04 IST" duration-ms="13609" status="PASS">
          <params>
            <param index="0">
              <value>
                <![CDATA[elon06820@gmail.com]]>
              </value>
            </param>
            <param index="1">
              <value>
                <![CDATA[karthik22]]>
              </value>
            </param>
          </params>
          <reporter-output>
          </reporter-output>
        </test-method> <!-- verifylogin -->
      </class> <!-- com.Test.LoginTest -->
    </test> <!-- SmokeTest -->
    <test started-at="2024-02-03T17:10:04 IST" name="AllmodulesTest" finished-at="2024-02-03T17:10:37 IST" duration-ms="32826">
      <class name="com.Test.LoginTest">
        <test-method signature="bookmodule(java.lang.String,java.lang.String)[pri:2, instance:com.Test.LoginTest@1aa7ecca]" started-at="2024-02-03T17:10:04 IST" name="bookmodule" finished-at="2024-02-03T17:10:20 IST" duration-ms="16367" status="PASS">
          <params>
            <param index="0">
              <value>
                <![CDATA[elon06820@gmail.com]]>
              </value>
            </param>
            <param index="1">
              <value>
                <![CDATA[karthik22]]>
              </value>
            </param>
          </params>
          <reporter-output>
          </reporter-output>
        </test-method> <!-- bookmodule -->
        <test-method signature="desktopmodule(java.lang.String,java.lang.String)[pri:3, instance:com.Test.LoginTest@1aa7ecca]" started-at="2024-02-03T17:10:20 IST" name="desktopmodule" finished-at="2024-02-03T17:10:37 IST" duration-ms="16453" status="PASS">
          <params>
            <param index="0">
              <value>
                <![CDATA[elon06820@gmail.com]]>
              </value>
            </param>
            <param index="1">
              <value>
                <![CDATA[karthik22]]>
              </value>
            </param>
          </params>
          <reporter-output>
          </reporter-output>
        </test-method> <!-- desktopmodule -->
      </class> <!-- com.Test.LoginTest -->
    </test> <!-- AllmodulesTest -->
  </suite> <!-- Suite -->
</testng-results>
